[debug] [2025-05-17T23:38:26.960Z] ----------------------------------------------------------------------
[debug] [2025-05-17T23:38:26.965Z] Command:       C:\Program Files\nodejs\node.exe C:\Users\gilwa\AppData\Roaming\npm\node_modules\firebase-tools\lib\bin\firebase.js init
[debug] [2025-05-17T23:38:26.966Z] CLI Version:   14.4.0
[debug] [2025-05-17T23:38:26.966Z] Platform:      win32
[debug] [2025-05-17T23:38:26.966Z] Node Version:  v22.15.1
[debug] [2025-05-17T23:38:26.967Z] Time:          Sat May 17 2025 20:38:26 GMT-0300 (Horário Padrão de Brasília)
[debug] [2025-05-17T23:38:26.967Z] ----------------------------------------------------------------------
[debug] 
[debug] [2025-05-17T23:38:26.974Z] > command requires scopes: ["email","openid","https://www.googleapis.com/auth/cloudplatformprojects.readonly","https://www.googleapis.com/auth/firebase","https://www.googleapis.com/auth/cloud-platform"]
[debug] [2025-05-17T23:38:26.975Z] > authorizing via signed-in user (gilwanealwes@gmail.com)
[info] 
     ######## #### ########  ######## ########     ###     ######  ########
     ##        ##  ##     ## ##       ##     ##  ##   ##  ##       ##
     ######    ##  ########  ######   ########  #########  ######  ######
     ##        ##  ##    ##  ##       ##     ## ##     ##       ## ##
     ##       #### ##     ## ######## ########  ##     ##  ######  ########

You're about to initialize a Firebase project in this directory:

  C:\Users\gilwa\Desktop\Curso FrontEnd\barbearia

[info] 
=== Project Setup
[info] 
[info] First, let's associate this project directory with a Firebase project.
[info] You can create multiple project aliases by running firebase use --add, 
[info] but for now we'll just set up a default project.
[info] 
[debug] [2025-05-17T23:38:46.824Z] Checked if tokens are valid: true, expires at: 1747527672859
[debug] [2025-05-17T23:38:46.824Z] Checked if tokens are valid: true, expires at: 1747527672859
[debug] [2025-05-17T23:38:46.826Z] >>> [apiv2][query] GET https://firebase.googleapis.com/v1beta1/projects pageSize=100
[debug] [2025-05-17T23:38:47.679Z] <<< [apiv2][status] GET https://firebase.googleapis.com/v1beta1/projects 200
[debug] [2025-05-17T23:38:47.679Z] <<< [apiv2][body] GET https://firebase.googleapis.com/v1beta1/projects [omitted]
[info] i  Using project barber-90dee (Barber) 
[info] 
=== Hosting Setup
[debug] [2025-05-17T23:39:02.683Z] Checked if tokens are valid: true, expires at: 1747527672859
[debug] [2025-05-17T23:39:02.683Z] Checked if tokens are valid: true, expires at: 1747527672859
[debug] [2025-05-17T23:39:02.683Z] >>> [apiv2][query] GET https://firebase.googleapis.com/v1beta1/projects/barber-90dee [none]
[debug] [2025-05-17T23:39:03.109Z] <<< [apiv2][status] GET https://firebase.googleapis.com/v1beta1/projects/barber-90dee 200
[debug] [2025-05-17T23:39:03.110Z] <<< [apiv2][body] GET https://firebase.googleapis.com/v1beta1/projects/barber-90dee {"projectId":"barber-90dee","projectNumber":"837339106776","displayName":"Barber","name":"projects/barber-90dee","resources":{"hostingSite":"barber-90dee","realtimeDatabaseInstance":"barber-90dee-default-rtdb"},"state":"ACTIVE","etag":"1_7af20168-acca-41c1-adc0-fe67c4d0954f"}
[info] 
[info] Your public directory is the folder (relative to your project directory) that
[info] will contain Hosting assets to be uploaded with firebase deploy. If you
[info] have a build process for your assets, use your build's output directory.
[info] 
[info] +  Wrote ./404.html 
[debug] [2025-05-17T23:40:56.749Z] >>> [apiv2][query] GET https://www.gstatic.com/firebasejs/releases.json [none]
[debug] [2025-05-17T23:40:56.891Z] <<< [apiv2][status] GET https://www.gstatic.com/firebasejs/releases.json 200
[debug] [2025-05-17T23:40:56.891Z] <<< [apiv2][body] GET https://www.gstatic.com/firebasejs/releases.json {"current":{"version":"11.7.3","browserURL":"https://www.gstatic.com/firebasejs/11.7.3/firebase.js","packageURL":"https://www.gstatic.com/firebasejs/11.7.3/firebase.tgz"},"live":{"version":"11.7","browserURL":"https://www.gstatic.com/firebasejs/live/11.7/firebase.js","packageURL":"https://www.gstatic.com/firebasejs/live/11.7/firebase.tgz"},"components":{"analytics":"https://www.gstatic.com/firebasejs/11.7.3/firebase-analytics.js","app":"https://www.gstatic.com/firebasejs/11.7.3/firebase-app.js","app-check":"https://www.gstatic.com/firebasejs/11.7.3/firebase-app-check.js","auth":"https://www.gstatic.com/firebasejs/11.7.3/firebase-auth.js","auth/cordova":"https://www.gstatic.com/firebasejs/11.7.3/firebase-auth/cordova.js","auth/web-extension":"https://www.gstatic.com/firebasejs/11.7.3/firebase-auth/web-extension.js","functions":"https://www.gstatic.com/firebasejs/11.7.3/firebase-functions.js","firestore":"https://www.gstatic.com/firebasejs/11.7.3/firebase-firestore.js","firestore/lite":"https://www.gstatic.com/firebasejs/11.7.3/firebase-firestore/lite.js","installations":"https://www.gstatic.com/firebasejs/11.7.3/firebase-installations.js","storage":"https://www.gstatic.com/firebasejs/11.7.3/firebase-storage.js","performance":"https://www.gstatic.com/firebasejs/11.7.3/firebase-performance.js","remote-config":"https://www.gstatic.com/firebasejs/11.7.3/firebase-remote-config.js","messaging":"https://www.gstatic.com/firebasejs/11.7.3/firebase-messaging.js","messaging/sw":"https://www.gstatic.com/firebasejs/11.7.3/firebase-messaging/sw.js","database":"https://www.gstatic.com/firebasejs/11.7.3/firebase-database.js","vertexai":"https://www.gstatic.com/firebasejs/11.7.3/firebase-vertexai.js","data-connect":"https://www.gstatic.com/firebasejs/11.7.3/firebase-data-connect.js","firestore.memory":"https://www.gstatic.com/firebasejs/11.7.3/firebase-firestore.memory.js"}}
[info] i  Skipping write of ./index.html 
[info] 
[info] i  Didn't detect a .git folder. Assuming C:\Users\gilwa\Desktop\Curso FrontEnd\barbearia is the project root. 
[info] i  Authorizing with GitHub to upload your service account to a GitHub repository's secrets store. 
[info] 
[info] Visit this URL on this device to log in:
[info] https://github.com/login/oauth/authorize?client_id=89cf50f02ac6aaed3484&state=696144218&redirect_uri=http%3A%2F%2Flocalhost%3A9005&scope=read%3Auser%20repo%20public_repo
[info] 
[info] Waiting for authentication...
[debug] [2025-05-17T23:41:55.599Z] >>> [apiv2][query] POST https://github.com/login/oauth/access_token [none]
[debug] [2025-05-17T23:41:55.599Z] >>> [apiv2][body] POST https://github.com/login/oauth/access_token [stream]
[debug] [2025-05-17T23:41:56.059Z] <<< [apiv2][status] POST https://github.com/login/oauth/access_token 200
[debug] [2025-05-17T23:41:56.060Z] <<< [apiv2][body] POST https://github.com/login/oauth/access_token {"access_token":"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","token_type":"bearer","scope":"read:user,repo"}
[debug] [2025-05-17T23:41:56.065Z] >>> [apiv2][query] GET https://api.github.com/user [none]
[debug] [2025-05-17T23:41:56.399Z] <<< [apiv2][status] GET https://api.github.com/user 200
[debug] [2025-05-17T23:41:56.399Z] <<< [apiv2][body] GET https://api.github.com/user {"login":"GilvaneAlves","id":209306472,"node_id":"U_kgDODHnDaA","avatar_url":"https://avatars.githubusercontent.com/u/209306472?v=4","gravatar_id":"","url":"https://api.github.com/users/GilvaneAlves","html_url":"https://github.com/GilvaneAlves","followers_url":"https://api.github.com/users/GilvaneAlves/followers","following_url":"https://api.github.com/users/GilvaneAlves/following{/other_user}","gists_url":"https://api.github.com/users/GilvaneAlves/gists{/gist_id}","starred_url":"https://api.github.com/users/GilvaneAlves/starred{/owner}{/repo}","subscriptions_url":"https://api.github.com/users/GilvaneAlves/subscriptions","organizations_url":"https://api.github.com/users/GilvaneAlves/orgs","repos_url":"https://api.github.com/users/GilvaneAlves/repos","events_url":"https://api.github.com/users/GilvaneAlves/events{/privacy}","received_events_url":"https://api.github.com/users/GilvaneAlves/received_events","type":"User","user_view_type":"private","site_admin":false,"name":null,"company":null,"blog":"","location":null,"email":null,"hireable":null,"bio":null,"twitter_username":null,"notification_email":null,"public_repos":1,"public_gists":0,"followers":0,"following":0,"created_at":"2025-04-27T02:15:17Z","updated_at":"2025-04-27T02:15:49Z","private_gists":0,"total_private_repos":0,"owned_private_repos":0,"disk_usage":24759,"collaborators":0,"two_factor_authentication":false,"plan":{"name":"free","space":976562499,"collaborators":0,"private_repos":10000}}
[info] 
[info] +  Success! Logged into GitHub as GilvaneAlves 
[info] 
